<?xml version="1.0" encoding="UTF-8"?>
<!-- Generated by org.testng.reporters.JUnitXMLReporter -->
<testsuite ignored="11" hostname="localhost.pcs" failures="0" tests="1" name="Test" time="22.015" errors="0" timestamp="2022-07-13T10:01:58 IST">
  <testcase classname="Establishment.Establish" name="Reappointment" time="10.487"/>
  <testcase classname="Establishment.Establish" name="Retirement" time="0.0">
    <ignored/>
  </testcase> <!-- Retirement -->
  <testcase classname="Establishment.Establish" name="promotion" time="0.0">
    <ignored/>
  </testcase> <!-- promotion -->
  <testcase classname="Establishment.Establish" name="Transfer" time="0.0">
    <ignored/>
  </testcase> <!-- Transfer -->
  <testcase classname="Establishment.Establish" name="update" time="0.0">
    <ignored/>
  </testcase> <!-- update -->
  <testcase classname="Establishment.Establish" name="variable_pay" time="0.0">
    <ignored/>
  </testcase> <!-- variable_pay -->
  <testcase classname="Establishment.Establish" name="ADD_Establishment" time="0.0">
    <ignored/>
  </testcase> <!-- ADD_Establishment -->
  <testcase classname="Establishment.Establish" name="Update_Establishment" time="0.0">
    <ignored/>
  </testcase> <!-- Update_Establishment -->
  <testcase classname="Establishment.Establish" name="death" time="0.0">
    <ignored/>
  </testcase> <!-- death -->
  <testcase classname="Establishment.Establish" name="Resign" time="0.0">
    <ignored/>
  </testcase> <!-- Resign -->
  <testcase classname="Establishment.Establish" name="Update_Emp_Resign" time="0.0">
    <ignored/>
  </testcase> <!-- Update_Emp_Resign -->
  <testcase classname="Establishment.Establish" name="posting" time="0.0">
    <ignored/>
  </testcase> <!-- posting -->
</testsuite> <!-- Test -->
