<?xml version="1.0" encoding="UTF-8"?>
<testng-results ignored="11" total="12" passed="1" failed="0" skipped="0">
  <reporter-output>
  </reporter-output>
  <suite started-at="2022-07-13T12:38:05 IST" name="Default suite" finished-at="2022-07-13T12:38:26 IST" duration-ms="21204">
    <groups>
    </groups>
    <test started-at="2022-07-13T12:38:05 IST" name="Default test" finished-at="2022-07-13T12:38:26 IST" duration-ms="21204">
      <class name="Establishment.Establish">
        <test-method is-config="true" signature="setup()[pri:0, instance:Establishment.Establish@cd3fee8]" started-at="2022-07-13T12:38:05 IST" name="setup" finished-at="2022-07-13T12:38:22 IST" duration-ms="16522" status="PASS">
          <reporter-output>
          </reporter-output>
        </test-method> <!-- setup -->
        <test-method signature="promotion()[pri:0, instance:Establishment.Establish@cd3fee8]" started-at="2022-07-13T12:38:22 IST" name="promotion" finished-at="2022-07-13T12:38:26 IST" duration-ms="4664" status="PASS">
          <reporter-output>
          </reporter-output>
        </test-method> <!-- promotion -->
      </class> <!-- Establishment.Establish -->
    </test> <!-- Default test -->
  </suite> <!-- Default suite -->
</testng-results>
